[willowvibe.com/index.html]
[backblue.gif]
[fade.gif]
[index.html]
[willowvibe.com/wp-includes/blocks/navigation/style.mina8d6.css]
[willowvibe.com/wp-includes/blocks/image/style.mina8d6.css]
[willowvibe.com/wp-includes/blocks/cover/style.mina8d6.css]
[willowvibe.com/wp-includes/blocks/social-links/style.mina8d6.css]
[willowvibe.com/wp-content/plugins/header-footer-elementor/inc/widgets-css/frontend16b9.css]
[willowvibe.com/comments/feed/index.html]
[willowvibe.com/feed/index.html]
[willowvibe.com/wp-content/plugins/contact-form-7/includes/css/stylese2db.css]
[willowvibe.com/wp-content/plugins/header-footer-elementor/assets/css/header-footer-elementor16b9.css]
[willowvibe.com/wp-content/plugins/elementor/assets/css/frontend.min7871.css]
[willowvibe.com/wp-content/uploads/elementor/css/post-297b63.css]
[willowvibe.com/wp-content/themes/digital-services-agency/style3ec8.css]
[willowvibe.com/wp-content/themes/digital-services-agency/assets/css/animatea8d6.css]
[willowvibe.com/wp-content/plugins/elementor/assets/lib/eicons/css/elementor-icons.min705c.css]
[willowvibe.com/wp-content/plugins/elementor/assets/css/widget-icon-list.min44b4.css]
[willowvibe.com/wp-content/plugins/elementor/assets/css/widget-social-icons.min2401.css]
[willowvibe.com/wp-content/plugins/elementor/assets/lib/font-awesome/css/brands52d5.css]
[willowvibe.com/wp-content/plugins/elementor/assets/lib/font-awesome/css/fontawesome52d5.css]
[willowvibe.com/wp-content/plugins/elementor/assets/lib/font-awesome/css/solid52d5.css]
[willowvibe.com/wp-includes/js/dist/interactivity.mina8d6.js]
[willowvibe.com/wp-includes/blocks/navigation/view.minff1e.js]
[willowvibe.com/wp-content/plugins/admin-site-enhancements/assets/js/external-permalinksf088.js]
[willowvibe.com/wp-includes/js/jquery/jquery.minf43b.js]
[willowvibe.com/wp-includes/js/jquery/jquery-migrate.min5589.js]
[willowvibe.com/wp-content/themes/digital-services-agency/assets/js/wowa8d6.js]
[willowvibe.com/xmlrpc0db0.php]
[willowvibe.com/wp-content/themes/digital-services-agency/assets/fonts/poppins/Poppins-Regular.woff2]
[willowvibe.com/wp-content/themes/digital-services-agency/assets/fonts/poppins/Poppins-SemiBold.woff2]
[willowvibe.com/wp-json/index.html]
[willowvibe.com/wp-content/themes/digital-services-agency/assets/fonts/poppins/Poppins-Bold.woff2]
[willowvibe.com/wp-content/themes/digital-services-agency/assets/fonts/lora/Lora-Regular.woff2]
[willowvibe.com/wp-content/themes/digital-services-agency/assets/fonts/lora/Lora-Italic.woff2]
[willowvibe.com/wp-content/themes/digital-services-agency/assets/fonts/lora/Lora-Bold.woff2]
[willowvibe.com/wp-content/themes/digital-services-agency/assets/fonts/Noto_Sans/static/NotoSans-Light.ttf]
[willowvibe.com/wp-content/themes/digital-services-agency/assets/fonts/Noto_Sans/static/NotoSans-Regular.ttf]
[willowvibe.com/wp-content/themes/digital-services-agency/assets/fonts/Noto_Sans/static/NotoSans-Medium.ttf]
[willowvibe.com/wp-content/themes/digital-services-agency/assets/fonts/Noto_Sans/static/NotoSans-SemiBold.ttf]
[willowvibe.com/wp-content/themes/digital-services-agency/assets/fonts/Noto_Sans/static/NotoSans-Bold.ttf]
[willowvibe.com/wp-content/themes/digital-services-agency/assets/fonts/Noto_Sans/static/NotoSans-ExtraBold.ttf]
[willowvibe.com/wp-content/themes/digital-services-agency/assets/fonts/Noto_Sans/static/NotoSans-Black.ttf]
[willowvibe.com/wp-content/themes/digital-services-agency/assets/fonts/Grape_Nuts/GrapeNuts-Regular.ttf]
[willowvibe.com/wp-content/themes/digital-services-agency/assets/fonts/Lemon/Lemon-Regular.ttf]
[willowvibe.com/wp-content/themes/digital-services-agency/assets/fonts/Montserrat/static/Montserrat-Regular.ttf]
[willowvibe.com/wp-content/themes/digital-services-agency/assets/fonts/Montserrat/static/Montserrat-Medium.ttf]
[willowvibe.com/wp-content/themes/digital-services-agency/assets/fonts/Montserrat/static/Montserrat-SemiBold.ttf]
[willowvibe.com/wp-content/themes/digital-services-agency/assets/fonts/Montserrat/static/Montserrat-Bold.ttf]
[willowvibe.com/wp-content/themes/digital-services-agency/assets/fonts/Montserrat/static/Montserrat-ExtraBold.ttf]
[willowvibe.com/wp-content/themes/digital-services-agency/assets/fonts/Montserrat/static/Montserrat-Black.ttf]
[willowvibe.com/wp-content/uploads/2024/02/cropped-Willowvibe-logo-2-32x32.jpg]
[willowvibe.com/wp-content/uploads/2024/02/cropped-Willowvibe-logo-2-192x192.jpg]
[willowvibe.com/wp-content/uploads/2024/02/cropped-Willowvibe-logo-2-180x180.jpg]
[willowvibe.com/wp-content/themes/digital-services-agency/assets/images/comments.png]
[willowvibe.com/wp-content/themes/digital-services-agency/assets/images/slider-image.png]
[willowvibe.com/wp-content/themes/digital-services-agency/assets/images/service1.png]
[willowvibe.com/wp-content/themes/digital-services-agency/assets/images/service2.png]
[willowvibe.com/wp-content/uploads/2024/02/media-tools.jpg]
[willowvibe.com/wp-content/themes/digital-services-agency/assets/images/service4.png]
[willowvibe.com/wp-content/themes/digital-services-agency/assets/images/envelope.png]
[willowvibe.com/hello-world/index.html]
[willowvibe.com/wp-content/themes/digital-services-agency/assets/images/phone.png]
[willowvibe.com/wp-content/themes/digital-services-agency/assets/images/clock.png]
[willowvibe.com/wp-includes/js/dist/vendor/wp-polyfill-inert.min0226.js]
[willowvibe.com/index.html]
[willowvibe.com/wp-includes/blocks/navigation/style.mina8d6.css]
[willowvibe.com/wp-includes/blocks/image/style.mina8d6.css]
[willowvibe.com/wp-includes/blocks/cover/style.mina8d6.css]
[willowvibe.com/wp-includes/blocks/social-links/style.mina8d6.css]
[willowvibe.com/wp-content/plugins/header-footer-elementor/inc/widgets-css/frontend16b9.css]
[willowvibe.com/wp-content/plugins/contact-form-7/includes/css/stylese2db.css]
[willowvibe.com/wp-content/plugins/header-footer-elementor/assets/css/header-footer-elementor16b9.css]
[willowvibe.com/wp-content/plugins/elementor/assets/css/frontend.min7871.css]
[willowvibe.com/wp-content/uploads/elementor/css/post-297b63.css]
[willowvibe.com/wp-content/themes/digital-services-agency/style3ec8.css]
[willowvibe.com/wp-content/themes/digital-services-agency/assets/css/animatea8d6.css]
[willowvibe.com/wp-content/plugins/elementor/assets/lib/eicons/css/elementor-icons.min705c.css]
[willowvibe.com/wp-content/plugins/elementor/assets/css/widget-icon-list.min44b4.css]
[willowvibe.com/wp-content/plugins/elementor/assets/css/widget-social-icons.min2401.css]
[willowvibe.com/wp-content/plugins/elementor/assets/lib/font-awesome/css/brands52d5.css]
[willowvibe.com/wp-content/plugins/elementor/assets/lib/font-awesome/css/fontawesome52d5.css]
[willowvibe.com/wp-content/plugins/elementor/assets/lib/font-awesome/css/solid52d5.css]
[willowvibe.com/wp-includes/js/dist/interactivity.mina8d6.js]
[willowvibe.com/wp-includes/blocks/navigation/view.minff1e.js]
[willowvibe.com/wp-content/plugins/admin-site-enhancements/assets/js/external-permalinksf088.js]
[willowvibe.com/wp-includes/js/jquery/jquery.minf43b.js]
[willowvibe.com/wp-includes/js/jquery/jquery-migrate.min5589.js]
[willowvibe.com/wp-content/themes/digital-services-agency/assets/js/wowa8d6.js]
[willowvibe.com/category/blog/index.html]
[willowvibe.com/2024/02/index.html]
[willowvibe.com/hello-world/index.html]
[willowvibe.com/wp-includes/js/dist/vendor/wp-polyfill-inert.min0226.js]
[willowvibe.com/wp-includes/js/dist/vendor/regenerator-runtime.min6c85.html]
[willowvibe.com/wp-includes/js/dist/vendor/wp-polyfill.min2c7c.html]
[willowvibe.com/wp-includes/js/dist/hooks.min2ebd.html]
[willowvibe.com/wp-includes/js/dist/i18n.minf92f.html]
[willowvibe.com/wp-content/plugins/contact-form-7/includes/swv/js/indexe2db.html]
[willowvibe.com/wp-content/plugins/contact-form-7/includes/js/indexe2db.html]
[willowvibe.com/wp-content/plugins/litespeed-cache/assets/js/instant_click.minfb3a.html]
[willowvibe.com/wp-content/themes/digital-services-agency/assets/images/folder.html]
[willowvibe.com/wp-content/themes/digital-services-agency/assets/images/arrow.html]
[willowvibe.com/wp-content/plugins/elementor/assets/lib/eicons/fonts/eicons6feb.html]
[willowvibe.com/wp-content/plugins/elementor/assets/lib/eicons/fonts/eicons6feb-2.html]
[willowvibe.com/wp-content/plugins/elementor/assets/lib/eicons/fonts/eicons6feb-3.html]
[willowvibe.com/wp-content/plugins/elementor/assets/lib/eicons/fonts/eicons6feb-4.html]
[willowvibe.com/wp-content/plugins/elementor/assets/lib/eicons/fonts/eicons6feb-5.html]
[willowvibe.com/wp-content/plugins/elementor/assets/lib/font-awesome/webfonts/fa-brands-400.html]
[willowvibe.com/wp-content/plugins/elementor/assets/lib/font-awesome/webfonts/fa-brands-400d41d.html]
[willowvibe.com/wp-content/plugins/elementor/assets/lib/font-awesome/webfonts/fa-brands-401.html]
[willowvibe.com/wp-content/plugins/elementor/assets/lib/font-awesome/webfonts/fa-brands-402.html]
[willowvibe.com/wp-content/plugins/elementor/assets/lib/font-awesome/webfonts/fa-brands-403.html]
[willowvibe.com/wp-content/plugins/elementor/assets/lib/font-awesome/webfonts/fa-brands-404.html]
[willowvibe.com/wp-content/plugins/elementor/assets/lib/font-awesome/webfonts/fa-solid-900.html]
[willowvibe.com/wp-content/plugins/elementor/assets/lib/font-awesome/webfonts/fa-solid-900d41d.html]
[willowvibe.com/wp-content/plugins/elementor/assets/lib/font-awesome/webfonts/fa-solid-901.html]
[willowvibe.com/wp-content/plugins/elementor/assets/lib/font-awesome/webfonts/fa-solid-902.html]
[willowvibe.com/wp-content/plugins/elementor/assets/lib/font-awesome/webfonts/fa-solid-903.html]
[willowvibe.com/wp-content/plugins/elementor/assets/lib/font-awesome/webfonts/fa-solid-904.html]
[willowvibe.com/t,window.html]
[willowvibe.com/hello-world/feed/index.html]
[willowvibe.com/wp-includes/blocks/gallery/style.mina8d6.html]
[willowvibe.com/wp-includes/css/dist/block-library/common.mina8d6.html]
[willowvibe.com/wp-json/wp/v2/posts/1.html]
[willowvibe.com/indexcff1.html]
[willowvibe.com/wp-json/oembed/1.0/embed1b81.html]
[willowvibe.com/wp-json/oembed/1.0/embede9e4.html]
[willowvibe.com/wp-content/themes/digital-services-agency/assets/images/banner.html]
[willowvibe.com/category/blog/index.html]
[willowvibe.com/hello-world/index6809.html]
[willowvibe.com/2024/02/index.html]
[willowvibe.com/wp-content/themes/digital-services-agency/assets/images/gallery1.html]
[willowvibe.com/wp-content/themes/digital-services-agency/assets/images/gallery2.html]
[willowvibe.com/wp-content/themes/digital-services-agency/assets/images/gallery3.html]
[willowvibe.com/wp-content/themes/digital-services-agency/assets/images/gallery4.html]
[willowvibe.com/wp-content/themes/digital-services-agency/assets/images/gallery5.html]
[willowvibe.com/wp-content/themes/digital-services-agency/assets/images/gallery6.html]
[willowvibe.com/wp-includes/js/comment-reply.mina8d6.html]
[willowvibe.com/category/blog/feed/index.html]
[willowvibe.com/wp-json/wp/v2/categories/1.html]
